<?xml version="1.0" encoding="UTF-8"?>
<!-- Generated by org.testng.reporters.JUnitXMLReporter -->
<testsuite ignored="0" hostname="DESKTOP-B9LL50K" failures="0" tests="10" name="Default test" time="113.772" errors="0" timestamp="2025-12-26T22:31:51 IST">
  <testcase classname="test_package.PAYMENT_PAGE_TEST" name="log" time="5.097"/>
  <testcase classname="test_package.PAYMENT_PAGE_TEST" name="option" time="0.265"/>
  <testcase classname="test_package.PAYMENT_PAGE_TEST" name="btn" time="13.082"/>
  <testcase classname="test_package.PAYMENT_PAGE_TEST" name="drpdwn" time="8.969"/>
  <testcase classname="test_package.PAYMENT_PAGE_TEST" name="scroll" time="0.045"/>
  <testcase classname="test_package.PAYMENT_PAGE_TEST" name="cake_selected" time="0.18"/>
  <testcase classname="test_package.PAYMENT_PAGE_TEST" name="detailesofcake" time="48.872"/>
  <testcase classname="test_package.PAYMENT_PAGE_TEST" name="cartoption" time="0.796"/>
  <testcase classname="test_package.PAYMENT_PAGE_TEST" name="modeofpayment" time="12.75"/>
  <testcase classname="test_package.PAYMENT_PAGE_TEST" name="Take_ss" time="0.147"/>
</testsuite> <!-- Default test -->
