<?xml version="1.0" encoding="UTF-8"?>
<!-- Generated by org.testng.reporters.JUnitXMLReporter -->
<testsuite ignored="0" hostname="DESKTOP-B9LL50K" failures="0" tests="32" name="Test" time="437.693" errors="0" timestamp="2025-12-27T21:40:25 IST">
  <testcase classname="test_package.LOGIN_PAGE_TEST" name="log" time="4.088"/>
  <testcase classname="test_package.LOGIN_PAGE_TEST" name="datadriventest" time="83.719"/>
  <testcase classname="test_package.CART_PAGE_TEST" name="log" time="5.052"/>
  <testcase classname="test_package.CART_PAGE_TEST" name="option" time="0.212"/>
  <testcase classname="test_package.CART_PAGE_TEST" name="btn" time="10.189"/>
  <testcase classname="test_package.CART_PAGE_TEST" name="drpdwn" time="8.589"/>
  <testcase classname="test_package.CART_PAGE_TEST" name="scroll" time="0.024"/>
  <testcase classname="test_package.CART_PAGE_TEST" name="cake_selected" time="0.213"/>
  <testcase classname="test_package.CART_PAGE_TEST" name="detailesofcake" time="19.1"/>
  <testcase classname="test_package.CART_PAGE_TEST" name="cartoption" time="0.748"/>
  <testcase classname="test_package.PRODUCT_PAGE_TEST" name="log" time="3.772"/>
  <testcase classname="test_package.PRODUCT_PAGE_TEST" name="option" time="0.272"/>
  <testcase classname="test_package.PRODUCT_PAGE_TEST" name="btn" time="9.184"/>
  <testcase classname="test_package.PRODUCT_PAGE_TEST" name="drpdwn" time="7.819"/>
  <testcase classname="test_package.PRODUCT_PAGE_TEST" name="scroll" time="0.012"/>
  <testcase classname="test_package.PRODUCT_PAGE_TEST" name="cake_selected" time="0.155"/>
  <testcase classname="test_package.PRODUCT_PAGE_TEST" name="detailesofcake" time="39.577"/>
  <testcase classname="test_package.HOME_PAGE_TEST" name="option" time="0.614"/>
  <testcase classname="test_package.HOME_PAGE_TEST" name="btn" time="10.722"/>
  <testcase classname="test_package.HOME_PAGE_TEST" name="drpdwn" time="12.36"/>
  <testcase classname="test_package.HOME_PAGE_TEST" name="scroll" time="0.033"/>
  <testcase classname="test_package.HOME_PAGE_TEST" name="cake_selected" time="0.168"/>
  <testcase classname="test_package.PAYMENT_PAGE_TEST" name="log" time="9.977"/>
  <testcase classname="test_package.PAYMENT_PAGE_TEST" name="option" time="0.265"/>
  <testcase classname="test_package.PAYMENT_PAGE_TEST" name="btn" time="13.79"/>
  <testcase classname="test_package.PAYMENT_PAGE_TEST" name="drpdwn" time="9.796"/>
  <testcase classname="test_package.PAYMENT_PAGE_TEST" name="scroll" time="0.022"/>
  <testcase classname="test_package.PAYMENT_PAGE_TEST" name="cake_selected" time="0.217"/>
  <testcase classname="test_package.PAYMENT_PAGE_TEST" name="detailesofcake" time="27.924"/>
  <testcase classname="test_package.PAYMENT_PAGE_TEST" name="cartoption" time="0.766"/>
  <testcase classname="test_package.PAYMENT_PAGE_TEST" name="modeofpayment" time="12.942"/>
  <testcase classname="test_package.PAYMENT_PAGE_TEST" name="Take_ss" time="0.147"/>
</testsuite> <!-- Test -->
