<?xml version="1.0" encoding="UTF-8"?>
<!-- Generated by org.testng.reporters.JUnitReportReporter -->
<testsuite hostname="DESKTOP-B9LL50K" failures="0" tests="10" name="test_package.PAYMENT_PAGE_TEST" time="75.858" errors="0" timestamp="2025-12-27T21:40:26 IST" skipped="0">
  <testcase classname="test_package.PAYMENT_PAGE_TEST" name="log" time="9.977"/>
  <testcase classname="test_package.PAYMENT_PAGE_TEST" name="option" time="0.267"/>
  <testcase classname="test_package.PAYMENT_PAGE_TEST" name="btn" time="13.792"/>
  <testcase classname="test_package.PAYMENT_PAGE_TEST" name="drpdwn" time="9.798"/>
  <testcase classname="test_package.PAYMENT_PAGE_TEST" name="scroll" time="0.022"/>
  <testcase classname="test_package.PAYMENT_PAGE_TEST" name="cake_selected" time="0.218"/>
  <testcase classname="test_package.PAYMENT_PAGE_TEST" name="detailesofcake" time="27.925"/>
  <testcase classname="test_package.PAYMENT_PAGE_TEST" name="cartoption" time="0.768"/>
  <testcase classname="test_package.PAYMENT_PAGE_TEST" name="modeofpayment" time="12.944"/>
  <testcase classname="test_package.PAYMENT_PAGE_TEST" name="Take_ss" time="0.147"/>
</testsuite> <!-- test_package.PAYMENT_PAGE_TEST -->
