<?xml version="1.0" encoding="UTF-8"?>
<!-- Generated by org.testng.reporters.JUnitReportReporter -->
<testsuite hostname="DESKTOP-B9LL50K" failures="0" tests="7" name="test_package.PRODUCT_PAGE_TEST" time="60.799" errors="0" timestamp="2025-12-27T21:40:26 IST" skipped="0">
  <testcase classname="test_package.PRODUCT_PAGE_TEST" name="log" time="3.772"/>
  <testcase classname="test_package.PRODUCT_PAGE_TEST" name="option" time="0.272"/>
  <testcase classname="test_package.PRODUCT_PAGE_TEST" name="btn" time="9.184"/>
  <testcase classname="test_package.PRODUCT_PAGE_TEST" name="drpdwn" time="7.820"/>
  <testcase classname="test_package.PRODUCT_PAGE_TEST" name="scroll" time="0.012"/>
  <testcase classname="test_package.PRODUCT_PAGE_TEST" name="cake_selected" time="0.158"/>
  <testcase classname="test_package.PRODUCT_PAGE_TEST" name="detailesofcake" time="39.581"/>
</testsuite> <!-- test_package.PRODUCT_PAGE_TEST -->
