<?xml version="1.0" encoding="UTF-8"?>
<!-- Generated by org.testng.reporters.JUnitReportReporter -->
<testsuite hostname="DESKTOP-B9LL50K" failures="0" tests="8" name="test_package.CART_PAGE_TEST" time="44.146" errors="0" timestamp="2025-12-27T21:40:26 IST" skipped="0">
  <testcase classname="test_package.CART_PAGE_TEST" name="log" time="5.055"/>
  <testcase classname="test_package.CART_PAGE_TEST" name="option" time="0.214"/>
  <testcase classname="test_package.CART_PAGE_TEST" name="btn" time="10.189"/>
  <testcase classname="test_package.CART_PAGE_TEST" name="drpdwn" time="8.596"/>
  <testcase classname="test_package.CART_PAGE_TEST" name="scroll" time="0.027"/>
  <testcase classname="test_package.CART_PAGE_TEST" name="cake_selected" time="0.215"/>
  <testcase classname="test_package.CART_PAGE_TEST" name="detailesofcake" time="19.102"/>
  <testcase classname="test_package.CART_PAGE_TEST" name="cartoption" time="0.748"/>
</testsuite> <!-- test_package.CART_PAGE_TEST -->
