<?xml version="1.0" encoding="UTF-8"?>
<!-- Generated by org.testng.reporters.JUnitReportReporter -->
<testsuite hostname="DESKTOP-B9LL50K" failures="0" tests="5" name="test_package.HOME_PAGE_TEST" time="23.899" errors="0" timestamp="2025-12-27T21:40:26 IST" skipped="0">
  <testcase classname="test_package.HOME_PAGE_TEST" name="option" time="0.616"/>
  <testcase classname="test_package.HOME_PAGE_TEST" name="btn" time="10.722"/>
  <testcase classname="test_package.HOME_PAGE_TEST" name="drpdwn" time="12.360"/>
  <testcase classname="test_package.HOME_PAGE_TEST" name="scroll" time="0.033"/>
  <testcase classname="test_package.HOME_PAGE_TEST" name="cake_selected" time="0.168"/>
</testsuite> <!-- test_package.HOME_PAGE_TEST -->
